<?xml version="1.0" encoding="UTF-8"?>
<testsuite xmlns:xsi="http://www.w3.org/2001/XMLSchema-instance" xsi:noNamespaceSchemaLocation="https://maven.apache.org/surefire/maven-surefire-plugin/xsd/surefire-test-report-3.0.xsd" version="3.0" name="TestSuite" time="0.635" tests="1" errors="0" skipped="0" failures="0">
  <properties>
    <property name="sun.desktop" value="windows"/>
    <property name="awt.toolkit" value="sun.awt.windows.WToolkit"/>
    <property name="file.encoding.pkg" value="sun.io"/>
    <property name="java.specification.version" value="1.8"/>
    <property name="sun.cpu.isalist" value="amd64"/>
    <property name="sun.jnu.encoding" value="Cp1252"/>
    <property name="java.class.path" value="E:\Dev_Ops_J3\DevOpsTest\target\test-classes;E:\Dev_Ops_J3\DevOpsTest\target\classes;C:\Users\navin.kotamraju\.m2\repository\org\testng\testng\6.14.3\testng-6.14.3.jar;C:\Users\navin.kotamraju\.m2\repository\com\beust\jcommander\1.72\jcommander-1.72.jar;C:\Users\navin.kotamraju\.m2\repository\org\apache-extras\beanshell\bsh\2.0b6\bsh-2.0b6.jar;"/>
    <property name="java.vm.vendor" value="Oracle Corporation"/>
    <property name="sun.arch.data.model" value="64"/>
    <property name="user.variant" value=""/>
    <property name="java.vendor.url" value="http://java.oracle.com/"/>
    <property name="user.timezone" value="Asia/Calcutta"/>
    <property name="java.vm.specification.version" value="1.8"/>
    <property name="os.name" value="Windows 10"/>
    <property name="user.country" value="IN"/>
    <property name="sun.java.launcher" value="SUN_STANDARD"/>
    <property name="sun.boot.library.path" value="C:\Program Files\Java\jdk1.8.0_171\jre\bin"/>
    <property name="sun.java.command" value="C:\Users\navin.kotamraju\AppData\Local\Temp\surefire2461964149227601620\surefirebooter4197167329273734779.jar C:\Users\navin.kotamraju\AppData\Local\Temp\surefire2461964149227601620 2019-01-03T14-33-59_851-jvmRun1 surefire4215898124493152573tmp surefire_05051284963165443989tmp"/>
    <property name="surefire.test.class.path" value="E:\Dev_Ops_J3\DevOpsTest\target\test-classes;E:\Dev_Ops_J3\DevOpsTest\target\classes;C:\Users\navin.kotamraju\.m2\repository\org\testng\testng\6.14.3\testng-6.14.3.jar;C:\Users\navin.kotamraju\.m2\repository\com\beust\jcommander\1.72\jcommander-1.72.jar;C:\Users\navin.kotamraju\.m2\repository\org\apache-extras\beanshell\bsh\2.0b6\bsh-2.0b6.jar;"/>
    <property name="sun.cpu.endian" value="little"/>
    <property name="user.home" value="C:\Users\navin.kotamraju"/>
    <property name="user.language" value="en"/>
    <property name="java.specification.vendor" value="Oracle Corporation"/>
    <property name="java.home" value="C:\Program Files\Java\jdk1.8.0_171\jre"/>
    <property name="basedir" value="E:\Dev_Ops_J3\DevOpsTest"/>
    <property name="file.separator" value="\"/>
    <property name="line.separator" value="&#10;"/>
    <property name="java.vm.specification.vendor" value="Oracle Corporation"/>
    <property name="java.specification.name" value="Java Platform API Specification"/>
    <property name="java.awt.graphicsenv" value="sun.awt.Win32GraphicsEnvironment"/>
    <property name="surefire.real.class.path" value="C:\Users\navin.kotamraju\AppData\Local\Temp\surefire2461964149227601620\surefirebooter4197167329273734779.jar"/>
    <property name="sun.boot.class.path" value="C:\Program Files\Java\jdk1.8.0_171\jre\lib\resources.jar;C:\Program Files\Java\jdk1.8.0_171\jre\lib\rt.jar;C:\Program Files\Java\jdk1.8.0_171\jre\lib\sunrsasign.jar;C:\Program Files\Java\jdk1.8.0_171\jre\lib\jsse.jar;C:\Program Files\Java\jdk1.8.0_171\jre\lib\jce.jar;C:\Program Files\Java\jdk1.8.0_171\jre\lib\charsets.jar;C:\Program Files\Java\jdk1.8.0_171\jre\lib\jfr.jar;C:\Program Files\Java\jdk1.8.0_171\jre\classes"/>
    <property name="user.script" value=""/>
    <property name="sun.management.compiler" value="HotSpot 64-Bit Tiered Compilers"/>
    <property name="java.runtime.version" value="1.8.0_171-b11"/>
    <property name="user.name" value="navin.kotamraju"/>
    <property name="path.separator" value=";"/>
    <property name="os.version" value="10.0"/>
    <property name="java.endorsed.dirs" value="C:\Program Files\Java\jdk1.8.0_171\jre\lib\endorsed"/>
    <property name="java.runtime.name" value="Java(TM) SE Runtime Environment"/>
    <property name="file.encoding" value="Cp1252"/>
    <property name="java.vm.name" value="Java HotSpot(TM) 64-Bit Server VM"/>
    <property name="localRepository" value="C:\Users\navin.kotamraju\.m2\repository"/>
    <property name="java.vendor.url.bug" value="http://bugreport.sun.com/bugreport/"/>
    <property name="java.io.tmpdir" value="C:\Users\NAVIN~1.KOT\AppData\Local\Temp\"/>
    <property name="java.version" value="1.8.0_171"/>
    <property name="user.dir" value="E:\Dev_Ops_J3\DevOpsTest"/>
    <property name="os.arch" value="amd64"/>
    <property name="java.vm.specification.name" value="Java Virtual Machine Specification"/>
    <property name="java.awt.printerjob" value="sun.awt.windows.WPrinterJob"/>
    <property name="sun.os.patch.level" value=""/>
    <property name="java.library.path" value="C:\Program Files\Java\jdk1.8.0_171\jre\bin;C:\Windows\Sun\Java\bin;C:\Windows\system32;C:\Windows;C:/Program Files/Java/jdk1.8.0_171/bin/../jre/bin/server;C:/Program Files/Java/jdk1.8.0_171/bin/../jre/bin;C:/Program Files/Java/jdk1.8.0_171/bin/../jre/lib/amd64;C:\ProgramData\DockerDesktop\version-bin;C:\Program Files\Docker\Docker\Resources\bin;C:\Windows\system32;C:\Windows;C:\Windows\System32\Wbem;C:\Windows\System32\WindowsPowerShell\v1.0\;E:\apache-maven-3.3.3-bin\apache-maven-3.3.3\bin;C:\Program Files\Java\jdk1.8.0_171\bin;C:\Program Files\Microsoft VS Code\bin;E:\apache-maven-3.3.3-bin\apache-maven-3.3.3\bin;C:\Program Files\nodejs\;C:\Program Files\Cloud Foundry;C:\Program Files\PuTTY\;C:\Users\navin.kotamraju\Desktop\sw\groovy-2.5.4\bin;C:\Users\navin.kotamraju\AppData\Local\Programs\Python\Python37-32\Scripts\;C:\Users\navin.kotamraju\AppData\Local\Programs\Python\Python37-32\;C:\Users\navin.kotamraju\AppData\Local\Microsoft\WindowsApps;C:\Users\navin.kotamraju\AppData\Roaming\npm;C:\Program Files\JetBrains\IntelliJ IDEA Community Edition 2018.3.1\bin;;E:\eclipse Oxygen;;."/>
    <property name="java.vm.info" value="mixed mode"/>
    <property name="java.vendor" value="Oracle Corporation"/>
    <property name="java.vm.version" value="25.171-b11"/>
    <property name="java.ext.dirs" value="C:\Program Files\Java\jdk1.8.0_171\jre\lib\ext;C:\Windows\Sun\Java\lib\ext"/>
    <property name="sun.io.unicode.encoding" value="UnicodeLittle"/>
    <property name="java.class.version" value="52.0"/>
  </properties>
  <testcase name="m1" classname="com.sample.scripts.Invoke" time="0.005"/>
</testsuite>