<?xml version="1.0" encoding="UTF-8"?>
<!-- Generated by org.testng.reporters.JUnitReportReporter -->
<testsuite skipped="0" hostname="YP1007034LT" name="com.sample.scripts.Invoke" tests="1" failures="0" timestamp="03 Jan 2019 09:04:08 GMT" time="0.006" errors="0">
  <testcase name="m1" time="0.006" classname="com.sample.scripts.Invoke"/>
</testsuite> <!-- com.sample.scripts.Invoke -->
